[debug] [2023-12-14T17:14:00.562Z] ----------------------------------------------------------------------
[debug] [2023-12-14T17:14:00.565Z] Command:       C:\Program Files\nodejs\node.exe C:\Users\HP\AppData\Roaming\npm\node_modules\firebase-tools\lib\bin\firebase.js init
[debug] [2023-12-14T17:14:00.565Z] CLI Version:   13.0.1
[debug] [2023-12-14T17:14:00.566Z] Platform:      win32
[debug] [2023-12-14T17:14:00.566Z] Node Version:  v18.17.1
[debug] [2023-12-14T17:14:00.568Z] Time:          Thu Dec 14 2023 21:14:00 GMT+0400 (Gulf Standard Time)
[debug] [2023-12-14T17:14:00.568Z] ----------------------------------------------------------------------
[debug] 
[debug] [2023-12-14T17:14:00.573Z] >>> [apiv2][query] GET https://firebase-public.firebaseio.com/cli.json [none]
[debug] [2023-12-14T17:14:00.764Z] > command requires scopes: ["email","openid","https://www.googleapis.com/auth/cloudplatformprojects.readonly","https://www.googleapis.com/auth/firebase","https://www.googleapis.com/auth/cloud-platform"]
[debug] [2023-12-14T17:14:00.764Z] > authorizing via signed-in user (salmanuae2140@gmail.com)
[info] 
     ######## #### ########  ######## ########     ###     ######  ########
     ##        ##  ##     ## ##       ##     ##  ##   ##  ##       ##
     ######    ##  ########  ######   ########  #########  ######  ######
     ##        ##  ##    ##  ##       ##     ## ##     ##       ## ##
     ##       #### ##     ## ######## ########  ##     ##  ######  ########

You're about to initialize a Firebase project in this directory:

  C:\Users\HP

Before we get started, keep in mind:

  * You are initializing within an existing Firebase project directory

[debug] [2023-12-14T17:14:01.303Z] <<< [apiv2][status] GET https://firebase-public.firebaseio.com/cli.json 200
[debug] [2023-12-14T17:14:01.305Z] <<< [apiv2][body] GET https://firebase-public.firebaseio.com/cli.json {"cloudBuildErrorAfter":1594252800000,"cloudBuildWarnAfter":1590019200000,"defaultNode10After":1594252800000,"minVersion":"3.0.5","node8DeploysDisabledAfter":1613390400000,"node8RuntimeDisabledAfter":1615809600000,"node8WarnAfter":1600128000000}
[info] 
=== Project Setup
[info] 
[info] First, let's associate this project directory with a Firebase project.
[info] You can create multiple project aliases by running firebase use --add, 
[info] but for now we'll just set up a default project.
[info] 
[debug] [2023-12-14T17:14:51.617Z] Using project from CLI flag: namlas-priya-f3c84
[debug] [2023-12-14T17:14:51.618Z] > refreshing access token with scopes: []
[debug] [2023-12-14T17:14:51.622Z] >>> [apiv2][query] POST https://www.googleapis.com/oauth2/v3/token [none]
[debug] [2023-12-14T17:14:51.622Z] >>> [apiv2][body] POST https://www.googleapis.com/oauth2/v3/token [omitted]
[debug] [2023-12-14T17:14:52.002Z] <<< [apiv2][status] POST https://www.googleapis.com/oauth2/v3/token 200
[debug] [2023-12-14T17:14:52.002Z] <<< [apiv2][body] POST https://www.googleapis.com/oauth2/v3/token [omitted]
[debug] [2023-12-14T17:14:52.190Z] >>> [apiv2][query] GET https://firebase.googleapis.com/v1beta1/projects/namlas-priya-f3c84 [none]
[debug] [2023-12-14T17:14:52.758Z] <<< [apiv2][status] GET https://firebase.googleapis.com/v1beta1/projects/namlas-priya-f3c84 200
[debug] [2023-12-14T17:14:52.758Z] <<< [apiv2][body] GET https://firebase.googleapis.com/v1beta1/projects/namlas-priya-f3c84 {"projectId":"namlas-priya-f3c84","projectNumber":"829707571819","displayName":"namlas-priya","name":"projects/namlas-priya-f3c84","resources":{"hostingSite":"namlas-priya-f3c84"},"state":"ACTIVE","etag":"1_a9304e11-d2d6-4bf2-96d9-394365cb1a10"}
[info] i  Using project namlas-priya-f3c84 (namlas-priya) 
[info] 
=== Hosting Setup
[debug] [2023-12-14T17:14:52.809Z] >>> [apiv2][query] GET https://firebase.googleapis.com/v1beta1/projects/namlas-priya-f3c84 [none]
[debug] [2023-12-14T17:14:53.374Z] <<< [apiv2][status] GET https://firebase.googleapis.com/v1beta1/projects/namlas-priya-f3c84 200
[debug] [2023-12-14T17:14:53.375Z] <<< [apiv2][body] GET https://firebase.googleapis.com/v1beta1/projects/namlas-priya-f3c84 {"projectId":"namlas-priya-f3c84","projectNumber":"829707571819","displayName":"namlas-priya","name":"projects/namlas-priya-f3c84","resources":{"hostingSite":"namlas-priya-f3c84"},"state":"ACTIVE","etag":"1_a9304e11-d2d6-4bf2-96d9-394365cb1a10"}
[info] 
[info] Your public directory is the folder (relative to your project directory) that
[info] will contain Hosting assets to be uploaded with firebase deploy. If you
[info] have a build process for your assets, use your build's output directory.
[info] 
